SonarCloud plugins:
  - Text Code Quality and Security 2.33.0.9826 (textenterprise)
  - JaCoCo 1.3.0.1538 (jacoco)
  - IaC Code Quality and Security 2.1.0.17131 (iac)
Project server settings:
  - sonar.abap.file.suffixes=.abap,.ab4,.flow,.asprog
  - sonar.apex.file.suffixes=.cls,.trigger
  - sonar.autoscan.enabled=false
  - sonar.azureresourcemanager.file.suffixes=.bicep
  - sonar.c.file.suffixes=.c,.h
  - sonar.cpp.file.suffixes=.cc,.cpp,.cxx,.c++,.hh,.hpp,.hxx,.h++,.ipp,.ixx,.mxx,.cppm,.ccm,.cxxm,.c++m
  - sonar.cs.file.suffixes=.cs,.razor
  - sonar.css.file.suffixes=.css,.less,.scss,.sass
  - sonar.dart.file.suffixes=.dart
  - sonar.docker.file.patterns=Dockerfile,*.dockerfile
  - sonar.flex.file.suffixes=as
  - sonar.go.file.suffixes=.go
  - sonar.html.file.suffixes=.html,.xhtml,.cshtml,.vbhtml,.aspx,.ascx,.rhtml,.erb,.shtm,.shtml,.cmp,.twig
  - sonar.ipynb.file.suffixes=ipynb
  - sonar.java.file.suffixes=.java,.jav
  - sonar.java.jvmframeworkconfig.file.patterns=**/src/main/resources/**/*app*.properties,**/src/main/resources/**/*app*.yaml,**/src/main/resources/**/*app*.yml
  - sonar.javascript.file.suffixes=.js,.jsx,.cjs,.mjs,.vue
  - sonar.jcl.file.suffixes=.jcl
  - sonar.json.file.suffixes=.json
  - sonar.jsp.file.suffixes=.jsp,.jspf,.jspx
  - sonar.kotlin.file.suffixes=.kt,.kts
  - sonar.objc.file.suffixes=.m
  - sonar.php.file.suffixes=php,php3,php4,php5,phtml,inc
  - sonar.pli.file.suffixes=.pli
  - sonar.plsql.file.suffixes=sql,tab,pkb
  - sonar.python.file.suffixes=py
  - sonar.rpg.file.suffixes=.rpg,.rpgle,.sqlrpgle,.RPG,.RPGLE,.SQLRPGLE
  - sonar.ruby.file.suffixes=.rb
  - sonar.rust.file.suffixes=.rs
  - sonar.scala.file.suffixes=.scala
  - sonar.shell.file.suffixes=.sh,.bash
  - sonar.swift.file.suffixes=.swift
  - sonar.terraform.file.suffixes=.tf
  - sonar.tsql.file.suffixes=.tsql
  - sonar.typescript.file.suffixes=.ts,.tsx,.cts,.mts
  - sonar.vb.file.suffixes=.bas,.frm,.ctl
  - sonar.vbnet.file.suffixes=.vb
  - sonar.xml.file.suffixes=.xml,.xsd,.xsl,.config
  - sonar.yaml.file.suffixes=.yaml,.yml
Project scanner properties:
  - sonar.coverage.exclusions=service-registry/**,api-gateway/**,ConfigServer/**,email-service/**
  - sonar.host.url=https://sonarcloud.io
  - sonar.links.ci=
  - sonar.links.homepage=
  - sonar.links.issue=
  - sonar.links.scm=
  - sonar.links.scm_dev=
  - sonar.login=******
  - sonar.moduleKey=asritha26k_MicroServicesFlightApp
  - sonar.modules=com.example:flight-service,com.example:passenger-service,com.example:ticket-service,com.telusko:service-registry,com.telusko:api-gateway,com.example:ConfigServer,com.example:email-service
  - sonar.organization=asritha26k
  - sonar.projectBaseDir=D:\Projects\eclipse_projects\ChubbWeeklyAssignmentsAndWorks\Week7\Week7Assignment
  - sonar.projectBuildDir=D:\Projects\eclipse_projects\ChubbWeeklyAssignmentsAndWorks\Week7\Week7Assignment\target
  - sonar.projectKey=asritha26k_MicroServicesFlightApp
  - sonar.projectName=MicroServicesFlightApp
  - sonar.projectVersion=1.0.0
  - sonar.scanner.app=ScannerMaven
  - sonar.scanner.appVersion=4.0.0.4121/3.9.11
  - sonar.sourceEncoding=windows-1252
  - sonar.sources=D:\Projects\eclipse_projects\ChubbWeeklyAssignmentsAndWorks\Week7\Week7Assignment\pom.xml
  - sonar.working.directory=D:\Projects\eclipse_projects\ChubbWeeklyAssignmentsAndWorks\Week7\Week7Assignment\target\sonar
Scanner properties of module: com.telusko:service-registry
  - sonar.binaries=D:\Projects\eclipse_projects\ChubbWeeklyAssignmentsAndWorks\Week7\Week7Assignment\service-registry\target\classes
  - sonar.groovy.binaries=D:\Projects\eclipse_projects\ChubbWeeklyAssignmentsAndWorks\Week7\Week7Assignment\service-registry\target\classes
  - sonar.java.binaries=D:\Projects\eclipse_projects\ChubbWeeklyAssignmentsAndWorks\Week7\Week7Assignment\service-registry\target\classes
  - sonar.java.enablePreview=false
  - sonar.java.jdkHome=C:\jdk-17.0.12
  - sonar.java.libraries=C:\Users\HP\.m2\repository\org\springframework\boot\spring-boot-starter-web\3.1.1\spring-boot-starter-web-3.1.1.jar,C:\Users\HP\.m2\repository\org\springframework\boot\spring-boot-starter\3.1.1\spring-boot-starter-3.1.1.jar,C:\Users\HP\.m2\repository\org\springframework\boot\spring-boot\3.1.1\spring-boot-3.1.1.jar,C:\Users\HP\.m2\repository\org\springframework\boot\spring-boot-autoconfigure\3.1.1\spring-boot-autoconfigure-3.1.1.jar,C:\Users\HP\.m2\repository\org\springframework\boot\spring-boot-starter-logging\3.1.1\spring-boot-starter-logging-3.1.1.jar,C:\Users\HP\.m2\repository\ch\qos\logback\logback-classic\1.4.8\logback-classic-1.4.8.jar,C:\Users\HP\.m2\repository\ch\qos\logback\logback-core\1.4.8\logback-core-1.4.8.jar,C:\Users\HP\.m2\repository\org\apache\logging\log4j\log4j-to-slf4j\2.20.0\log4j-to-slf4j-2.20.0.jar,C:\Users\HP\.m2\repository\org\apache\logging\log4j\log4j-api\2.20.0\log4j-api-2.20.0.jar,C:\Users\HP\.m2\repository\org\slf4j\jul-to-slf4j\2.0.7\jul-to-slf4j-2.0....
  - sonar.java.source=17
  - sonar.java.target=17
  - sonar.java.test.binaries=D:\Projects\eclipse_projects\ChubbWeeklyAssignmentsAndWorks\Week7\Week7Assignment\service-registry\target\test-classes
  - sonar.java.test.libraries=D:\Projects\eclipse_projects\ChubbWeeklyAssignmentsAndWorks\Week7\Week7Assignment\service-registry\target\classes,C:\Users\HP\.m2\repository\org\springframework\boot\spring-boot-starter-web\3.1.1\spring-boot-starter-web-3.1.1.jar,C:\Users\HP\.m2\repository\org\springframework\boot\spring-boot-starter\3.1.1\spring-boot-starter-3.1.1.jar,C:\Users\HP\.m2\repository\org\springframework\boot\spring-boot\3.1.1\spring-boot-3.1.1.jar,C:\Users\HP\.m2\repository\org\springframework\boot\spring-boot-autoconfigure\3.1.1\spring-boot-autoconfigure-3.1.1.jar,C:\Users\HP\.m2\repository\org\springframework\boot\spring-boot-starter-logging\3.1.1\spring-boot-starter-logging-3.1.1.jar,C:\Users\HP\.m2\repository\ch\qos\logback\logback-classic\1.4.8\logback-classic-1.4.8.jar,C:\Users\HP\.m2\repository\ch\qos\logback\logback-core\1.4.8\logback-core-1.4.8.jar,C:\Users\HP\.m2\repository\org\apache\logging\log4j\log4j-to-slf4j\2.20.0\log4j-to-slf4j-2.20.0.jar,C:\Users\HP\.m2\repository\org\apache\logging\log...
  - sonar.junit.reportPaths=D:\Projects\eclipse_projects\ChubbWeeklyAssignmentsAndWorks\Week7\Week7Assignment\service-registry\target\surefire-reports
  - sonar.junit.reportsPath=D:\Projects\eclipse_projects\ChubbWeeklyAssignmentsAndWorks\Week7\Week7Assignment\service-registry\target\surefire-reports
  - sonar.libraries=C:\Users\HP\.m2\repository\org\springframework\boot\spring-boot-starter-web\3.1.1\spring-boot-starter-web-3.1.1.jar,C:\Users\HP\.m2\repository\org\springframework\boot\spring-boot-starter\3.1.1\spring-boot-starter-3.1.1.jar,C:\Users\HP\.m2\repository\org\springframework\boot\spring-boot\3.1.1\spring-boot-3.1.1.jar,C:\Users\HP\.m2\repository\org\springframework\boot\spring-boot-autoconfigure\3.1.1\spring-boot-autoconfigure-3.1.1.jar,C:\Users\HP\.m2\repository\org\springframework\boot\spring-boot-starter-logging\3.1.1\spring-boot-starter-logging-3.1.1.jar,C:\Users\HP\.m2\repository\ch\qos\logback\logback-classic\1.4.8\logback-classic-1.4.8.jar,C:\Users\HP\.m2\repository\ch\qos\logback\logback-core\1.4.8\logback-core-1.4.8.jar,C:\Users\HP\.m2\repository\org\apache\logging\log4j\log4j-to-slf4j\2.20.0\log4j-to-slf4j-2.20.0.jar,C:\Users\HP\.m2\repository\org\apache\logging\log4j\log4j-api\2.20.0\log4j-api-2.20.0.jar,C:\Users\HP\.m2\repository\org\slf4j\jul-to-slf4j\2.0.7\jul-to-slf4j-2.0....
  - sonar.links.homepage=https://spring.io/projects/spring-boot/service-registry
  - sonar.links.scm=https://github.com/spring-projects/spring-boot/service-registry
  - sonar.moduleKey=com.telusko:service-registry
  - sonar.projectBaseDir=D:\Projects\eclipse_projects\ChubbWeeklyAssignmentsAndWorks\Week7\Week7Assignment\service-registry
  - sonar.projectBuildDir=D:\Projects\eclipse_projects\ChubbWeeklyAssignmentsAndWorks\Week7\Week7Assignment\service-registry\target
  - sonar.projectDescription=Demo project for Spring Boot
  - sonar.projectKey=com.telusko:service-registry
  - sonar.projectName=service-registry
  - sonar.projectVersion=0.0.1-SNAPSHOT
  - sonar.sourceEncoding=UTF-8
  - sonar.sources=D:\Projects\eclipse_projects\ChubbWeeklyAssignmentsAndWorks\Week7\Week7Assignment\service-registry\pom.xml,D:\Projects\eclipse_projects\ChubbWeeklyAssignmentsAndWorks\Week7\Week7Assignment\service-registry\src\main\java
  - sonar.tests=D:\Projects\eclipse_projects\ChubbWeeklyAssignmentsAndWorks\Week7\Week7Assignment\service-registry\src\test\java
  - sonar.working.directory=D:\Projects\eclipse_projects\ChubbWeeklyAssignmentsAndWorks\Week7\Week7Assignment\service-registry\target\sonar
Scanner properties of module: com.telusko:api-gateway
  - sonar.binaries=D:\Projects\eclipse_projects\ChubbWeeklyAssignmentsAndWorks\Week7\Week7Assignment\api-gateway\target\classes
  - sonar.groovy.binaries=D:\Projects\eclipse_projects\ChubbWeeklyAssignmentsAndWorks\Week7\Week7Assignment\api-gateway\target\classes
  - sonar.java.binaries=D:\Projects\eclipse_projects\ChubbWeeklyAssignmentsAndWorks\Week7\Week7Assignment\api-gateway\target\classes
  - sonar.java.enablePreview=false
  - sonar.java.jdkHome=C:\jdk-17.0.12
  - sonar.java.libraries=C:\Users\HP\.m2\repository\org\springframework\cloud\spring-cloud-starter-gateway\4.0.6\spring-cloud-starter-gateway-4.0.6.jar,C:\Users\HP\.m2\repository\org\springframework\cloud\spring-cloud-starter\4.0.3\spring-cloud-starter-4.0.3.jar,C:\Users\HP\.m2\repository\org\springframework\cloud\spring-cloud-context\4.0.3\spring-cloud-context-4.0.3.jar,C:\Users\HP\.m2\repository\org\springframework\security\spring-security-crypto\6.1.2\spring-security-crypto-6.1.2.jar,C:\Users\HP\.m2\repository\org\springframework\cloud\spring-cloud-commons\4.0.3\spring-cloud-commons-4.0.3.jar,C:\Users\HP\.m2\repository\org\springframework\security\spring-security-rsa\1.0.11.RELEASE\spring-security-rsa-1.0.11.RELEASE.jar,C:\Users\HP\.m2\repository\org\bouncycastle\bcpkix-jdk15on\1.69\bcpkix-jdk15on-1.69.jar,C:\Users\HP\.m2\repository\org\bouncycastle\bcprov-jdk15on\1.69\bcprov-jdk15on-1.69.jar,C:\Users\HP\.m2\repository\org\bouncycastle\bcutil-jdk15on\1.69\bcutil-jdk15on-1.69.jar,C:\Users\HP\.m2\repositor...
  - sonar.java.source=17
  - sonar.java.target=17
  - sonar.java.test.binaries=D:\Projects\eclipse_projects\ChubbWeeklyAssignmentsAndWorks\Week7\Week7Assignment\api-gateway\target\test-classes
  - sonar.java.test.libraries=D:\Projects\eclipse_projects\ChubbWeeklyAssignmentsAndWorks\Week7\Week7Assignment\api-gateway\target\classes,C:\Users\HP\.m2\repository\org\springframework\cloud\spring-cloud-starter-gateway\4.0.6\spring-cloud-starter-gateway-4.0.6.jar,C:\Users\HP\.m2\repository\org\springframework\cloud\spring-cloud-starter\4.0.3\spring-cloud-starter-4.0.3.jar,C:\Users\HP\.m2\repository\org\springframework\cloud\spring-cloud-context\4.0.3\spring-cloud-context-4.0.3.jar,C:\Users\HP\.m2\repository\org\springframework\security\spring-security-crypto\6.1.2\spring-security-crypto-6.1.2.jar,C:\Users\HP\.m2\repository\org\springframework\cloud\spring-cloud-commons\4.0.3\spring-cloud-commons-4.0.3.jar,C:\Users\HP\.m2\repository\org\springframework\security\spring-security-rsa\1.0.11.RELEASE\spring-security-rsa-1.0.11.RELEASE.jar,C:\Users\HP\.m2\repository\org\bouncycastle\bcpkix-jdk15on\1.69\bcpkix-jdk15on-1.69.jar,C:\Users\HP\.m2\repository\org\bouncycastle\bcprov-jdk15on\1.69\bcprov-jdk15on-1.69.jar,C:\U...
  - sonar.junit.reportPaths=D:\Projects\eclipse_projects\ChubbWeeklyAssignmentsAndWorks\Week7\Week7Assignment\api-gateway\target\surefire-reports
  - sonar.junit.reportsPath=D:\Projects\eclipse_projects\ChubbWeeklyAssignmentsAndWorks\Week7\Week7Assignment\api-gateway\target\surefire-reports
  - sonar.libraries=C:\Users\HP\.m2\repository\org\springframework\cloud\spring-cloud-starter-gateway\4.0.6\spring-cloud-starter-gateway-4.0.6.jar,C:\Users\HP\.m2\repository\org\springframework\cloud\spring-cloud-starter\4.0.3\spring-cloud-starter-4.0.3.jar,C:\Users\HP\.m2\repository\org\springframework\cloud\spring-cloud-context\4.0.3\spring-cloud-context-4.0.3.jar,C:\Users\HP\.m2\repository\org\springframework\security\spring-security-crypto\6.1.2\spring-security-crypto-6.1.2.jar,C:\Users\HP\.m2\repository\org\springframework\cloud\spring-cloud-commons\4.0.3\spring-cloud-commons-4.0.3.jar,C:\Users\HP\.m2\repository\org\springframework\security\spring-security-rsa\1.0.11.RELEASE\spring-security-rsa-1.0.11.RELEASE.jar,C:\Users\HP\.m2\repository\org\bouncycastle\bcpkix-jdk15on\1.69\bcpkix-jdk15on-1.69.jar,C:\Users\HP\.m2\repository\org\bouncycastle\bcprov-jdk15on\1.69\bcprov-jdk15on-1.69.jar,C:\Users\HP\.m2\repository\org\bouncycastle\bcutil-jdk15on\1.69\bcutil-jdk15on-1.69.jar,C:\Users\HP\.m2\repositor...
  - sonar.links.homepage=https://spring.io/projects/spring-boot/api-gateway
  - sonar.links.scm=https://github.com/spring-projects/spring-boot/api-gateway
  - sonar.moduleKey=com.telusko:api-gateway
  - sonar.projectBaseDir=D:\Projects\eclipse_projects\ChubbWeeklyAssignmentsAndWorks\Week7\Week7Assignment\api-gateway
  - sonar.projectBuildDir=D:\Projects\eclipse_projects\ChubbWeeklyAssignmentsAndWorks\Week7\Week7Assignment\api-gateway\target
  - sonar.projectDescription=Demo project for Spring Boot
  - sonar.projectKey=com.telusko:api-gateway
  - sonar.projectName=api-gateway
  - sonar.projectVersion=0.0.1-SNAPSHOT
  - sonar.sourceEncoding=UTF-8
  - sonar.sources=D:\Projects\eclipse_projects\ChubbWeeklyAssignmentsAndWorks\Week7\Week7Assignment\api-gateway\pom.xml,D:\Projects\eclipse_projects\ChubbWeeklyAssignmentsAndWorks\Week7\Week7Assignment\api-gateway\src\main\java
  - sonar.tests=D:\Projects\eclipse_projects\ChubbWeeklyAssignmentsAndWorks\Week7\Week7Assignment\api-gateway\src\test\java
  - sonar.working.directory=D:\Projects\eclipse_projects\ChubbWeeklyAssignmentsAndWorks\Week7\Week7Assignment\api-gateway\target\sonar
Scanner properties of module: com.example:passenger-service
  - sonar.binaries=D:\Projects\eclipse_projects\ChubbWeeklyAssignmentsAndWorks\Week7\Week7Assignment\passenger-service\target\classes
  - sonar.groovy.binaries=D:\Projects\eclipse_projects\ChubbWeeklyAssignmentsAndWorks\Week7\Week7Assignment\passenger-service\target\classes
  - sonar.java.binaries=D:\Projects\eclipse_projects\ChubbWeeklyAssignmentsAndWorks\Week7\Week7Assignment\passenger-service\target\classes
  - sonar.java.enablePreview=false
  - sonar.java.jdkHome=C:\jdk-17.0.12
  - sonar.java.libraries=C:\Users\HP\.m2\repository\org\springframework\boot\spring-boot-starter-web\3.2.0\spring-boot-starter-web-3.2.0.jar,C:\Users\HP\.m2\repository\org\springframework\boot\spring-boot-starter\3.2.0\spring-boot-starter-3.2.0.jar,C:\Users\HP\.m2\repository\org\springframework\boot\spring-boot\3.2.0\spring-boot-3.2.0.jar,C:\Users\HP\.m2\repository\org\springframework\boot\spring-boot-autoconfigure\3.2.0\spring-boot-autoconfigure-3.2.0.jar,C:\Users\HP\.m2\repository\org\springframework\boot\spring-boot-starter-logging\3.2.0\spring-boot-starter-logging-3.2.0.jar,C:\Users\HP\.m2\repository\ch\qos\logback\logback-classic\1.4.11\logback-classic-1.4.11.jar,C:\Users\HP\.m2\repository\ch\qos\logback\logback-core\1.4.11\logback-core-1.4.11.jar,C:\Users\HP\.m2\repository\org\apache\logging\log4j\log4j-to-slf4j\2.21.1\log4j-to-slf4j-2.21.1.jar,C:\Users\HP\.m2\repository\org\apache\logging\log4j\log4j-api\2.21.1\log4j-api-2.21.1.jar,C:\Users\HP\.m2\repository\org\slf4j\jul-to-slf4j\2.0.9\jul-to-slf4j-...
  - sonar.java.source=17
  - sonar.java.target=17
  - sonar.java.test.binaries=D:\Projects\eclipse_projects\ChubbWeeklyAssignmentsAndWorks\Week7\Week7Assignment\passenger-service\target\test-classes
  - sonar.java.test.libraries=D:\Projects\eclipse_projects\ChubbWeeklyAssignmentsAndWorks\Week7\Week7Assignment\passenger-service\target\classes,C:\Users\HP\.m2\repository\org\springframework\boot\spring-boot-starter-web\3.2.0\spring-boot-starter-web-3.2.0.jar,C:\Users\HP\.m2\repository\org\springframework\boot\spring-boot-starter\3.2.0\spring-boot-starter-3.2.0.jar,C:\Users\HP\.m2\repository\org\springframework\boot\spring-boot\3.2.0\spring-boot-3.2.0.jar,C:\Users\HP\.m2\repository\org\springframework\boot\spring-boot-autoconfigure\3.2.0\spring-boot-autoconfigure-3.2.0.jar,C:\Users\HP\.m2\repository\org\springframework\boot\spring-boot-starter-logging\3.2.0\spring-boot-starter-logging-3.2.0.jar,C:\Users\HP\.m2\repository\ch\qos\logback\logback-classic\1.4.11\logback-classic-1.4.11.jar,C:\Users\HP\.m2\repository\ch\qos\logback\logback-core\1.4.11\logback-core-1.4.11.jar,C:\Users\HP\.m2\repository\org\apache\logging\log4j\log4j-to-slf4j\2.21.1\log4j-to-slf4j-2.21.1.jar,C:\Users\HP\.m2\repository\org\apache\loggin...
  - sonar.junit.reportPaths=D:\Projects\eclipse_projects\ChubbWeeklyAssignmentsAndWorks\Week7\Week7Assignment\passenger-service\target\surefire-reports
  - sonar.junit.reportsPath=D:\Projects\eclipse_projects\ChubbWeeklyAssignmentsAndWorks\Week7\Week7Assignment\passenger-service\target\surefire-reports
  - sonar.libraries=C:\Users\HP\.m2\repository\org\springframework\boot\spring-boot-starter-web\3.2.0\spring-boot-starter-web-3.2.0.jar,C:\Users\HP\.m2\repository\org\springframework\boot\spring-boot-starter\3.2.0\spring-boot-starter-3.2.0.jar,C:\Users\HP\.m2\repository\org\springframework\boot\spring-boot\3.2.0\spring-boot-3.2.0.jar,C:\Users\HP\.m2\repository\org\springframework\boot\spring-boot-autoconfigure\3.2.0\spring-boot-autoconfigure-3.2.0.jar,C:\Users\HP\.m2\repository\org\springframework\boot\spring-boot-starter-logging\3.2.0\spring-boot-starter-logging-3.2.0.jar,C:\Users\HP\.m2\repository\ch\qos\logback\logback-classic\1.4.11\logback-classic-1.4.11.jar,C:\Users\HP\.m2\repository\ch\qos\logback\logback-core\1.4.11\logback-core-1.4.11.jar,C:\Users\HP\.m2\repository\org\apache\logging\log4j\log4j-to-slf4j\2.21.1\log4j-to-slf4j-2.21.1.jar,C:\Users\HP\.m2\repository\org\apache\logging\log4j\log4j-api\2.21.1\log4j-api-2.21.1.jar,C:\Users\HP\.m2\repository\org\slf4j\jul-to-slf4j\2.0.9\jul-to-slf4j-...
  - sonar.links.homepage=https://spring.io/projects/spring-boot/passenger-service
  - sonar.links.scm=https://github.com/spring-projects/spring-boot/passenger-service
  - sonar.moduleKey=com.example:passenger-service
  - sonar.projectBaseDir=D:\Projects\eclipse_projects\ChubbWeeklyAssignmentsAndWorks\Week7\Week7Assignment\passenger-service
  - sonar.projectBuildDir=D:\Projects\eclipse_projects\ChubbWeeklyAssignmentsAndWorks\Week7\Week7Assignment\passenger-service\target
  - sonar.projectDescription=Parent pom providing dependency and plugin management for applications built with Maven
  - sonar.projectKey=com.example:passenger-service
  - sonar.projectName=passenger-service
  - sonar.projectVersion=0.0.1-SNAPSHOT
  - sonar.sourceEncoding=UTF-8
  - sonar.sources=D:\Projects\eclipse_projects\ChubbWeeklyAssignmentsAndWorks\Week7\Week7Assignment\passenger-service\pom.xml,D:\Projects\eclipse_projects\ChubbWeeklyAssignmentsAndWorks\Week7\Week7Assignment\passenger-service\src\main\java
  - sonar.tests=D:\Projects\eclipse_projects\ChubbWeeklyAssignmentsAndWorks\Week7\Week7Assignment\passenger-service\src\test\java
  - sonar.working.directory=D:\Projects\eclipse_projects\ChubbWeeklyAssignmentsAndWorks\Week7\Week7Assignment\passenger-service\target\sonar
Scanner properties of module: com.example:email-service
  - sonar.binaries=D:\Projects\eclipse_projects\ChubbWeeklyAssignmentsAndWorks\Week7\Week7Assignment\email-service\target\classes
  - sonar.groovy.binaries=D:\Projects\eclipse_projects\ChubbWeeklyAssignmentsAndWorks\Week7\Week7Assignment\email-service\target\classes
  - sonar.java.binaries=D:\Projects\eclipse_projects\ChubbWeeklyAssignmentsAndWorks\Week7\Week7Assignment\email-service\target\classes
  - sonar.java.enablePreview=false
  - sonar.java.jdkHome=C:\jdk-17.0.12
  - sonar.java.libraries=C:\Users\HP\.m2\repository\org\springframework\boot\spring-boot-starter\3.3.4\spring-boot-starter-3.3.4.jar,C:\Users\HP\.m2\repository\org\springframework\boot\spring-boot\3.3.4\spring-boot-3.3.4.jar,C:\Users\HP\.m2\repository\org\springframework\boot\spring-boot-autoconfigure\3.3.4\spring-boot-autoconfigure-3.3.4.jar,C:\Users\HP\.m2\repository\org\springframework\boot\spring-boot-starter-logging\3.3.4\spring-boot-starter-logging-3.3.4.jar,C:\Users\HP\.m2\repository\ch\qos\logback\logback-classic\1.5.8\logback-classic-1.5.8.jar,C:\Users\HP\.m2\repository\ch\qos\logback\logback-core\1.5.8\logback-core-1.5.8.jar,C:\Users\HP\.m2\repository\org\apache\logging\log4j\log4j-to-slf4j\2.23.1\log4j-to-slf4j-2.23.1.jar,C:\Users\HP\.m2\repository\org\apache\logging\log4j\log4j-api\2.23.1\log4j-api-2.23.1.jar,C:\Users\HP\.m2\repository\org\slf4j\jul-to-slf4j\2.0.16\jul-to-slf4j-2.0.16.jar,C:\Users\HP\.m2\repository\jakarta\annotation\jakarta.annotation-api\2.1.1\jakarta.annotation-api-2.1.1.jar,...
  - sonar.java.source=17
  - sonar.java.target=17
  - sonar.java.test.binaries=D:\Projects\eclipse_projects\ChubbWeeklyAssignmentsAndWorks\Week7\Week7Assignment\email-service\target\test-classes
  - sonar.java.test.libraries=D:\Projects\eclipse_projects\ChubbWeeklyAssignmentsAndWorks\Week7\Week7Assignment\email-service\target\classes,C:\Users\HP\.m2\repository\org\springframework\boot\spring-boot-starter\3.3.4\spring-boot-starter-3.3.4.jar,C:\Users\HP\.m2\repository\org\springframework\boot\spring-boot\3.3.4\spring-boot-3.3.4.jar,C:\Users\HP\.m2\repository\org\springframework\boot\spring-boot-autoconfigure\3.3.4\spring-boot-autoconfigure-3.3.4.jar,C:\Users\HP\.m2\repository\org\springframework\boot\spring-boot-starter-logging\3.3.4\spring-boot-starter-logging-3.3.4.jar,C:\Users\HP\.m2\repository\ch\qos\logback\logback-classic\1.5.8\logback-classic-1.5.8.jar,C:\Users\HP\.m2\repository\ch\qos\logback\logback-core\1.5.8\logback-core-1.5.8.jar,C:\Users\HP\.m2\repository\org\apache\logging\log4j\log4j-to-slf4j\2.23.1\log4j-to-slf4j-2.23.1.jar,C:\Users\HP\.m2\repository\org\apache\logging\log4j\log4j-api\2.23.1\log4j-api-2.23.1.jar,C:\Users\HP\.m2\repository\org\slf4j\jul-to-slf4j\2.0.16\jul-to-slf4j-2.0.16.j...
  - sonar.junit.reportPaths=D:\Projects\eclipse_projects\ChubbWeeklyAssignmentsAndWorks\Week7\Week7Assignment\email-service\target\surefire-reports
  - sonar.junit.reportsPath=D:\Projects\eclipse_projects\ChubbWeeklyAssignmentsAndWorks\Week7\Week7Assignment\email-service\target\surefire-reports
  - sonar.libraries=C:\Users\HP\.m2\repository\org\springframework\boot\spring-boot-starter\3.3.4\spring-boot-starter-3.3.4.jar,C:\Users\HP\.m2\repository\org\springframework\boot\spring-boot\3.3.4\spring-boot-3.3.4.jar,C:\Users\HP\.m2\repository\org\springframework\boot\spring-boot-autoconfigure\3.3.4\spring-boot-autoconfigure-3.3.4.jar,C:\Users\HP\.m2\repository\org\springframework\boot\spring-boot-starter-logging\3.3.4\spring-boot-starter-logging-3.3.4.jar,C:\Users\HP\.m2\repository\ch\qos\logback\logback-classic\1.5.8\logback-classic-1.5.8.jar,C:\Users\HP\.m2\repository\ch\qos\logback\logback-core\1.5.8\logback-core-1.5.8.jar,C:\Users\HP\.m2\repository\org\apache\logging\log4j\log4j-to-slf4j\2.23.1\log4j-to-slf4j-2.23.1.jar,C:\Users\HP\.m2\repository\org\apache\logging\log4j\log4j-api\2.23.1\log4j-api-2.23.1.jar,C:\Users\HP\.m2\repository\org\slf4j\jul-to-slf4j\2.0.16\jul-to-slf4j-2.0.16.jar,C:\Users\HP\.m2\repository\jakarta\annotation\jakarta.annotation-api\2.1.1\jakarta.annotation-api-2.1.1.jar,...
  - sonar.links.homepage=https://spring.io/projects/spring-boot/email-service
  - sonar.links.scm=https://github.com/spring-projects/spring-boot/email-service
  - sonar.moduleKey=com.example:email-service
  - sonar.projectBaseDir=D:\Projects\eclipse_projects\ChubbWeeklyAssignmentsAndWorks\Week7\Week7Assignment\email-service
  - sonar.projectBuildDir=D:\Projects\eclipse_projects\ChubbWeeklyAssignmentsAndWorks\Week7\Week7Assignment\email-service\target
  - sonar.projectDescription=Email service using Kafka
  - sonar.projectKey=com.example:email-service
  - sonar.projectName=email-service
  - sonar.projectVersion=0.0.1-SNAPSHOT
  - sonar.sourceEncoding=UTF-8
  - sonar.sources=D:\Projects\eclipse_projects\ChubbWeeklyAssignmentsAndWorks\Week7\Week7Assignment\email-service\pom.xml,D:\Projects\eclipse_projects\ChubbWeeklyAssignmentsAndWorks\Week7\Week7Assignment\email-service\src\main\java
  - sonar.tests=D:\Projects\eclipse_projects\ChubbWeeklyAssignmentsAndWorks\Week7\Week7Assignment\email-service\src\test\java
  - sonar.working.directory=D:\Projects\eclipse_projects\ChubbWeeklyAssignmentsAndWorks\Week7\Week7Assignment\email-service\target\sonar
Scanner properties of module: com.example:ConfigServer
  - sonar.binaries=D:\Projects\eclipse_projects\ChubbWeeklyAssignmentsAndWorks\Week7\Week7Assignment\ConfigServer\target\classes
  - sonar.groovy.binaries=D:\Projects\eclipse_projects\ChubbWeeklyAssignmentsAndWorks\Week7\Week7Assignment\ConfigServer\target\classes
  - sonar.java.binaries=D:\Projects\eclipse_projects\ChubbWeeklyAssignmentsAndWorks\Week7\Week7Assignment\ConfigServer\target\classes
  - sonar.java.enablePreview=false
  - sonar.java.jdkHome=C:\jdk-17.0.12
  - sonar.java.libraries=C:\Users\HP\.m2\repository\org\springframework\cloud\spring-cloud-config-server\4.3.0\spring-cloud-config-server-4.3.0.jar,C:\Users\HP\.m2\repository\org\springframework\cloud\spring-cloud-config-client\4.3.0\spring-cloud-config-client-4.3.0.jar,C:\Users\HP\.m2\repository\org\springframework\boot\spring-boot-autoconfigure\3.5.8\spring-boot-autoconfigure-3.5.8.jar,C:\Users\HP\.m2\repository\org\springframework\cloud\spring-cloud-starter\4.3.0\spring-cloud-starter-4.3.0.jar,C:\Users\HP\.m2\repository\org\springframework\cloud\spring-cloud-context\4.3.0\spring-cloud-context-4.3.0.jar,C:\Users\HP\.m2\repository\org\springframework\cloud\spring-cloud-commons\4.3.0\spring-cloud-commons-4.3.0.jar,C:\Users\HP\.m2\repository\org\bouncycastle\bcprov-jdk18on\1.80\bcprov-jdk18on-1.80.jar,C:\Users\HP\.m2\repository\com\fasterxml\jackson\core\jackson-annotations\2.19.4\jackson-annotations-2.19.4.jar,C:\Users\HP\.m2\repository\com\fasterxml\jackson\core\jackson-databind\2.19.4\jackson-databind-2.1...
  - sonar.java.source=17
  - sonar.java.target=17
  - sonar.java.test.binaries=D:\Projects\eclipse_projects\ChubbWeeklyAssignmentsAndWorks\Week7\Week7Assignment\ConfigServer\target\test-classes
  - sonar.java.test.libraries=D:\Projects\eclipse_projects\ChubbWeeklyAssignmentsAndWorks\Week7\Week7Assignment\ConfigServer\target\classes,C:\Users\HP\.m2\repository\org\springframework\cloud\spring-cloud-config-server\4.3.0\spring-cloud-config-server-4.3.0.jar,C:\Users\HP\.m2\repository\org\springframework\cloud\spring-cloud-config-client\4.3.0\spring-cloud-config-client-4.3.0.jar,C:\Users\HP\.m2\repository\org\springframework\boot\spring-boot-autoconfigure\3.5.8\spring-boot-autoconfigure-3.5.8.jar,C:\Users\HP\.m2\repository\org\springframework\cloud\spring-cloud-starter\4.3.0\spring-cloud-starter-4.3.0.jar,C:\Users\HP\.m2\repository\org\springframework\cloud\spring-cloud-context\4.3.0\spring-cloud-context-4.3.0.jar,C:\Users\HP\.m2\repository\org\springframework\cloud\spring-cloud-commons\4.3.0\spring-cloud-commons-4.3.0.jar,C:\Users\HP\.m2\repository\org\bouncycastle\bcprov-jdk18on\1.80\bcprov-jdk18on-1.80.jar,C:\Users\HP\.m2\repository\com\fasterxml\jackson\core\jackson-annotations\2.19.4\jackson-annotations...
  - sonar.junit.reportPaths=D:\Projects\eclipse_projects\ChubbWeeklyAssignmentsAndWorks\Week7\Week7Assignment\ConfigServer\target\surefire-reports
  - sonar.junit.reportsPath=D:\Projects\eclipse_projects\ChubbWeeklyAssignmentsAndWorks\Week7\Week7Assignment\ConfigServer\target\surefire-reports
  - sonar.libraries=C:\Users\HP\.m2\repository\org\springframework\cloud\spring-cloud-config-server\4.3.0\spring-cloud-config-server-4.3.0.jar,C:\Users\HP\.m2\repository\org\springframework\cloud\spring-cloud-config-client\4.3.0\spring-cloud-config-client-4.3.0.jar,C:\Users\HP\.m2\repository\org\springframework\boot\spring-boot-autoconfigure\3.5.8\spring-boot-autoconfigure-3.5.8.jar,C:\Users\HP\.m2\repository\org\springframework\cloud\spring-cloud-starter\4.3.0\spring-cloud-starter-4.3.0.jar,C:\Users\HP\.m2\repository\org\springframework\cloud\spring-cloud-context\4.3.0\spring-cloud-context-4.3.0.jar,C:\Users\HP\.m2\repository\org\springframework\cloud\spring-cloud-commons\4.3.0\spring-cloud-commons-4.3.0.jar,C:\Users\HP\.m2\repository\org\bouncycastle\bcprov-jdk18on\1.80\bcprov-jdk18on-1.80.jar,C:\Users\HP\.m2\repository\com\fasterxml\jackson\core\jackson-annotations\2.19.4\jackson-annotations-2.19.4.jar,C:\Users\HP\.m2\repository\com\fasterxml\jackson\core\jackson-databind\2.19.4\jackson-databind-2.1...
  - sonar.links.homepage=https://spring.io/projects/spring-boot/ConfigServer
  - sonar.links.scm=https://github.com/spring-projects/spring-boot/ConfigServer
  - sonar.moduleKey=com.example:ConfigServer
  - sonar.projectBaseDir=D:\Projects\eclipse_projects\ChubbWeeklyAssignmentsAndWorks\Week7\Week7Assignment\ConfigServer
  - sonar.projectBuildDir=D:\Projects\eclipse_projects\ChubbWeeklyAssignmentsAndWorks\Week7\Week7Assignment\ConfigServer\target
  - sonar.projectDescription=Parent pom providing dependency and plugin management for applications built with Maven
  - sonar.projectKey=com.example:ConfigServer
  - sonar.projectName=ConfigServer
  - sonar.projectVersion=0.0.1-SNAPSHOT
  - sonar.sourceEncoding=UTF-8
  - sonar.sources=D:\Projects\eclipse_projects\ChubbWeeklyAssignmentsAndWorks\Week7\Week7Assignment\ConfigServer\pom.xml,D:\Projects\eclipse_projects\ChubbWeeklyAssignmentsAndWorks\Week7\Week7Assignment\ConfigServer\src\main\java
  - sonar.tests=D:\Projects\eclipse_projects\ChubbWeeklyAssignmentsAndWorks\Week7\Week7Assignment\ConfigServer\src\test\java
  - sonar.working.directory=D:\Projects\eclipse_projects\ChubbWeeklyAssignmentsAndWorks\Week7\Week7Assignment\ConfigServer\target\sonar
Scanner properties of module: com.example:flight-service
  - sonar.binaries=D:\Projects\eclipse_projects\ChubbWeeklyAssignmentsAndWorks\Week7\Week7Assignment\flight-service\target\classes
  - sonar.groovy.binaries=D:\Projects\eclipse_projects\ChubbWeeklyAssignmentsAndWorks\Week7\Week7Assignment\flight-service\target\classes
  - sonar.java.binaries=D:\Projects\eclipse_projects\ChubbWeeklyAssignmentsAndWorks\Week7\Week7Assignment\flight-service\target\classes
  - sonar.java.enablePreview=false
  - sonar.java.jdkHome=C:\jdk-17.0.12
  - sonar.java.libraries=C:\Users\HP\.m2\repository\org\springframework\boot\spring-boot-starter-data-jpa\3.2.0\spring-boot-starter-data-jpa-3.2.0.jar,C:\Users\HP\.m2\repository\org\springframework\boot\spring-boot-starter-aop\3.2.0\spring-boot-starter-aop-3.2.0.jar,C:\Users\HP\.m2\repository\org\springframework\spring-aop\6.1.1\spring-aop-6.1.1.jar,C:\Users\HP\.m2\repository\org\aspectj\aspectjweaver\1.9.20.1\aspectjweaver-1.9.20.1.jar,C:\Users\HP\.m2\repository\org\springframework\boot\spring-boot-starter-jdbc\3.2.0\spring-boot-starter-jdbc-3.2.0.jar,C:\Users\HP\.m2\repository\com\zaxxer\HikariCP\5.0.1\HikariCP-5.0.1.jar,C:\Users\HP\.m2\repository\org\springframework\spring-jdbc\6.1.1\spring-jdbc-6.1.1.jar,C:\Users\HP\.m2\repository\org\hibernate\orm\hibernate-core\6.3.1.Final\hibernate-core-6.3.1.Final.jar,C:\Users\HP\.m2\repository\jakarta\persistence\jakarta.persistence-api\3.1.0\jakarta.persistence-api-3.1.0.jar,C:\Users\HP\.m2\repository\jakarta\transaction\jakarta.transaction-api\2.0.1\jakarta.trans...
  - sonar.java.source=17
  - sonar.java.target=17
  - sonar.java.test.binaries=D:\Projects\eclipse_projects\ChubbWeeklyAssignmentsAndWorks\Week7\Week7Assignment\flight-service\target\test-classes
  - sonar.java.test.libraries=D:\Projects\eclipse_projects\ChubbWeeklyAssignmentsAndWorks\Week7\Week7Assignment\flight-service\target\classes,C:\Users\HP\.m2\repository\org\springframework\boot\spring-boot-starter-data-jpa\3.2.0\spring-boot-starter-data-jpa-3.2.0.jar,C:\Users\HP\.m2\repository\org\springframework\boot\spring-boot-starter-aop\3.2.0\spring-boot-starter-aop-3.2.0.jar,C:\Users\HP\.m2\repository\org\springframework\spring-aop\6.1.1\spring-aop-6.1.1.jar,C:\Users\HP\.m2\repository\org\aspectj\aspectjweaver\1.9.20.1\aspectjweaver-1.9.20.1.jar,C:\Users\HP\.m2\repository\org\springframework\boot\spring-boot-starter-jdbc\3.2.0\spring-boot-starter-jdbc-3.2.0.jar,C:\Users\HP\.m2\repository\com\zaxxer\HikariCP\5.0.1\HikariCP-5.0.1.jar,C:\Users\HP\.m2\repository\org\springframework\spring-jdbc\6.1.1\spring-jdbc-6.1.1.jar,C:\Users\HP\.m2\repository\org\hibernate\orm\hibernate-core\6.3.1.Final\hibernate-core-6.3.1.Final.jar,C:\Users\HP\.m2\repository\jakarta\persistence\jakarta.persistence-api\3.1.0\jakarta.pers...
  - sonar.junit.reportPaths=D:\Projects\eclipse_projects\ChubbWeeklyAssignmentsAndWorks\Week7\Week7Assignment\flight-service\target\surefire-reports
  - sonar.junit.reportsPath=D:\Projects\eclipse_projects\ChubbWeeklyAssignmentsAndWorks\Week7\Week7Assignment\flight-service\target\surefire-reports
  - sonar.libraries=C:\Users\HP\.m2\repository\org\springframework\boot\spring-boot-starter-data-jpa\3.2.0\spring-boot-starter-data-jpa-3.2.0.jar,C:\Users\HP\.m2\repository\org\springframework\boot\spring-boot-starter-aop\3.2.0\spring-boot-starter-aop-3.2.0.jar,C:\Users\HP\.m2\repository\org\springframework\spring-aop\6.1.1\spring-aop-6.1.1.jar,C:\Users\HP\.m2\repository\org\aspectj\aspectjweaver\1.9.20.1\aspectjweaver-1.9.20.1.jar,C:\Users\HP\.m2\repository\org\springframework\boot\spring-boot-starter-jdbc\3.2.0\spring-boot-starter-jdbc-3.2.0.jar,C:\Users\HP\.m2\repository\com\zaxxer\HikariCP\5.0.1\HikariCP-5.0.1.jar,C:\Users\HP\.m2\repository\org\springframework\spring-jdbc\6.1.1\spring-jdbc-6.1.1.jar,C:\Users\HP\.m2\repository\org\hibernate\orm\hibernate-core\6.3.1.Final\hibernate-core-6.3.1.Final.jar,C:\Users\HP\.m2\repository\jakarta\persistence\jakarta.persistence-api\3.1.0\jakarta.persistence-api-3.1.0.jar,C:\Users\HP\.m2\repository\jakarta\transaction\jakarta.transaction-api\2.0.1\jakarta.trans...
  - sonar.moduleKey=com.example:flight-service
  - sonar.projectBaseDir=D:\Projects\eclipse_projects\ChubbWeeklyAssignmentsAndWorks\Week7\Week7Assignment\flight-service
  - sonar.projectBuildDir=D:\Projects\eclipse_projects\ChubbWeeklyAssignmentsAndWorks\Week7\Week7Assignment\flight-service\target
  - sonar.projectDescription=Demo project for Spring Boot
  - sonar.projectKey=com.example:flight-service
  - sonar.projectName=flight-service
  - sonar.projectVersion=0.0.1-SNAPSHOT
  - sonar.sourceEncoding=UTF-8
  - sonar.sources=D:\Projects\eclipse_projects\ChubbWeeklyAssignmentsAndWorks\Week7\Week7Assignment\flight-service\pom.xml,D:\Projects\eclipse_projects\ChubbWeeklyAssignmentsAndWorks\Week7\Week7Assignment\flight-service\src\main\java
  - sonar.tests=D:\Projects\eclipse_projects\ChubbWeeklyAssignmentsAndWorks\Week7\Week7Assignment\flight-service\src\test\java
  - sonar.working.directory=D:\Projects\eclipse_projects\ChubbWeeklyAssignmentsAndWorks\Week7\Week7Assignment\flight-service\target\sonar
Scanner properties of module: com.example:ticket-service
  - sonar.binaries=D:\Projects\eclipse_projects\ChubbWeeklyAssignmentsAndWorks\Week7\Week7Assignment\ticket-service\target\classes
  - sonar.groovy.binaries=D:\Projects\eclipse_projects\ChubbWeeklyAssignmentsAndWorks\Week7\Week7Assignment\ticket-service\target\classes
  - sonar.java.binaries=D:\Projects\eclipse_projects\ChubbWeeklyAssignmentsAndWorks\Week7\Week7Assignment\ticket-service\target\classes
  - sonar.java.enablePreview=false
  - sonar.java.jdkHome=C:\jdk-17.0.12
  - sonar.java.libraries=C:\Users\HP\.m2\repository\org\springframework\boot\spring-boot-starter-web\3.1.1\spring-boot-starter-web-3.1.1.jar,C:\Users\HP\.m2\repository\org\springframework\boot\spring-boot-starter\3.1.1\spring-boot-starter-3.1.1.jar,C:\Users\HP\.m2\repository\org\springframework\boot\spring-boot\3.1.1\spring-boot-3.1.1.jar,C:\Users\HP\.m2\repository\org\springframework\boot\spring-boot-autoconfigure\3.1.1\spring-boot-autoconfigure-3.1.1.jar,C:\Users\HP\.m2\repository\org\springframework\boot\spring-boot-starter-logging\3.1.1\spring-boot-starter-logging-3.1.1.jar,C:\Users\HP\.m2\repository\ch\qos\logback\logback-classic\1.4.8\logback-classic-1.4.8.jar,C:\Users\HP\.m2\repository\ch\qos\logback\logback-core\1.4.8\logback-core-1.4.8.jar,C:\Users\HP\.m2\repository\org\apache\logging\log4j\log4j-to-slf4j\2.20.0\log4j-to-slf4j-2.20.0.jar,C:\Users\HP\.m2\repository\org\apache\logging\log4j\log4j-api\2.20.0\log4j-api-2.20.0.jar,C:\Users\HP\.m2\repository\org\slf4j\jul-to-slf4j\2.0.7\jul-to-slf4j-2.0....
  - sonar.java.source=17
  - sonar.java.target=17
  - sonar.java.test.binaries=D:\Projects\eclipse_projects\ChubbWeeklyAssignmentsAndWorks\Week7\Week7Assignment\ticket-service\target\test-classes
  - sonar.java.test.libraries=D:\Projects\eclipse_projects\ChubbWeeklyAssignmentsAndWorks\Week7\Week7Assignment\ticket-service\target\classes,C:\Users\HP\.m2\repository\org\springframework\boot\spring-boot-starter-web\3.1.1\spring-boot-starter-web-3.1.1.jar,C:\Users\HP\.m2\repository\org\springframework\boot\spring-boot-starter\3.1.1\spring-boot-starter-3.1.1.jar,C:\Users\HP\.m2\repository\org\springframework\boot\spring-boot\3.1.1\spring-boot-3.1.1.jar,C:\Users\HP\.m2\repository\org\springframework\boot\spring-boot-autoconfigure\3.1.1\spring-boot-autoconfigure-3.1.1.jar,C:\Users\HP\.m2\repository\org\springframework\boot\spring-boot-starter-logging\3.1.1\spring-boot-starter-logging-3.1.1.jar,C:\Users\HP\.m2\repository\ch\qos\logback\logback-classic\1.4.8\logback-classic-1.4.8.jar,C:\Users\HP\.m2\repository\ch\qos\logback\logback-core\1.4.8\logback-core-1.4.8.jar,C:\Users\HP\.m2\repository\org\apache\logging\log4j\log4j-to-slf4j\2.20.0\log4j-to-slf4j-2.20.0.jar,C:\Users\HP\.m2\repository\org\apache\logging\log4j...
  - sonar.junit.reportPaths=D:\Projects\eclipse_projects\ChubbWeeklyAssignmentsAndWorks\Week7\Week7Assignment\ticket-service\target\surefire-reports
  - sonar.junit.reportsPath=D:\Projects\eclipse_projects\ChubbWeeklyAssignmentsAndWorks\Week7\Week7Assignment\ticket-service\target\surefire-reports
  - sonar.libraries=C:\Users\HP\.m2\repository\org\springframework\boot\spring-boot-starter-web\3.1.1\spring-boot-starter-web-3.1.1.jar,C:\Users\HP\.m2\repository\org\springframework\boot\spring-boot-starter\3.1.1\spring-boot-starter-3.1.1.jar,C:\Users\HP\.m2\repository\org\springframework\boot\spring-boot\3.1.1\spring-boot-3.1.1.jar,C:\Users\HP\.m2\repository\org\springframework\boot\spring-boot-autoconfigure\3.1.1\spring-boot-autoconfigure-3.1.1.jar,C:\Users\HP\.m2\repository\org\springframework\boot\spring-boot-starter-logging\3.1.1\spring-boot-starter-logging-3.1.1.jar,C:\Users\HP\.m2\repository\ch\qos\logback\logback-classic\1.4.8\logback-classic-1.4.8.jar,C:\Users\HP\.m2\repository\ch\qos\logback\logback-core\1.4.8\logback-core-1.4.8.jar,C:\Users\HP\.m2\repository\org\apache\logging\log4j\log4j-to-slf4j\2.20.0\log4j-to-slf4j-2.20.0.jar,C:\Users\HP\.m2\repository\org\apache\logging\log4j\log4j-api\2.20.0\log4j-api-2.20.0.jar,C:\Users\HP\.m2\repository\org\slf4j\jul-to-slf4j\2.0.7\jul-to-slf4j-2.0....
  - sonar.links.homepage=https://spring.io/projects/spring-boot/ticket-service
  - sonar.links.scm=https://github.com/spring-projects/spring-boot/ticket-service
  - sonar.moduleKey=com.example:ticket-service
  - sonar.projectBaseDir=D:\Projects\eclipse_projects\ChubbWeeklyAssignmentsAndWorks\Week7\Week7Assignment\ticket-service
  - sonar.projectBuildDir=D:\Projects\eclipse_projects\ChubbWeeklyAssignmentsAndWorks\Week7\Week7Assignment\ticket-service\target
  - sonar.projectDescription=Ticket Service
  - sonar.projectKey=com.example:ticket-service
  - sonar.projectName=ticket-service
  - sonar.projectVersion=0.0.1-SNAPSHOT
  - sonar.sourceEncoding=UTF-8
  - sonar.sources=D:\Projects\eclipse_projects\ChubbWeeklyAssignmentsAndWorks\Week7\Week7Assignment\ticket-service\pom.xml,D:\Projects\eclipse_projects\ChubbWeeklyAssignmentsAndWorks\Week7\Week7Assignment\ticket-service\src\main\java
  - sonar.tests=D:\Projects\eclipse_projects\ChubbWeeklyAssignmentsAndWorks\Week7\Week7Assignment\ticket-service\src\test\java
  - sonar.working.directory=D:\Projects\eclipse_projects\ChubbWeeklyAssignmentsAndWorks\Week7\Week7Assignment\ticket-service\target\sonar
